Determining if the pthread_create exist failed with the following output:
Change Dir: /home/mostafa/Desktop/github/HackCV/cmake-build-debug/CMakeFiles/CMakeTmp

Run Build Command:"/usr/bin/make" "cmTC_c2d4d/fast"
/usr/bin/make -f CMakeFiles/cmTC_c2d4d.dir/build.make CMakeFiles/cmTC_c2d4d.dir/build
make[1]: Entering directory '/home/mostafa/Desktop/github/HackCV/cmake-build-debug/CMakeFiles/CMakeTmp'
Building C object CMakeFiles/cmTC_c2d4d.dir/CheckSymbolExists.c.o
/usr/bin/cc    -fPIC    -o CMakeFiles/cmTC_c2d4d.dir/CheckSymbolExists.c.o   -c /home/mostafa/Desktop/github/HackCV/cmake-build-debug/CMakeFiles/CMakeTmp/CheckSymbolExists.c
Linking C executable cmTC_c2d4d
/home/mostafa/Downloads/clion-2017.1.3/bin/cmake/bin/cmake -E cmake_link_script CMakeFiles/cmTC_c2d4d.dir/link.txt --verbose=1
/usr/bin/cc  -fPIC     CMakeFiles/cmTC_c2d4d.dir/CheckSymbolExists.c.o  -o cmTC_c2d4d 
CMakeFiles/cmTC_c2d4d.dir/CheckSymbolExists.c.o: In function `main':
CheckSymbolExists.c:(.text+0x1b): undefined reference to `pthread_create'
collect2: error: ld returned 1 exit status
CMakeFiles/cmTC_c2d4d.dir/build.make:97: recipe for target 'cmTC_c2d4d' failed
make[1]: *** [cmTC_c2d4d] Error 1
make[1]: Leaving directory '/home/mostafa/Desktop/github/HackCV/cmake-build-debug/CMakeFiles/CMakeTmp'
Makefile:126: recipe for target 'cmTC_c2d4d/fast' failed
make: *** [cmTC_c2d4d/fast] Error 2

File /home/mostafa/Desktop/github/HackCV/cmake-build-debug/CMakeFiles/CMakeTmp/CheckSymbolExists.c:
/* */
#include <pthread.h>

int main(int argc, char** argv)
{
  (void)argv;
#ifndef pthread_create
  return ((int*)(&pthread_create))[argc];
#else
  (void)argc;
  return 0;
#endif
}

Determining if the function pthread_create exists in the pthreads failed with the following output:
Change Dir: /home/mostafa/Desktop/github/HackCV/cmake-build-debug/CMakeFiles/CMakeTmp

Run Build Command:"/usr/bin/make" "cmTC_33de4/fast"
/usr/bin/make -f CMakeFiles/cmTC_33de4.dir/build.make CMakeFiles/cmTC_33de4.dir/build
make[1]: Entering directory '/home/mostafa/Desktop/github/HackCV/cmake-build-debug/CMakeFiles/CMakeTmp'
Building C object CMakeFiles/cmTC_33de4.dir/CheckFunctionExists.c.o
/usr/bin/cc    -fPIC -DCHECK_FUNCTION_EXISTS=pthread_create   -o CMakeFiles/cmTC_33de4.dir/CheckFunctionExists.c.o   -c /home/mostafa/Downloads/clion-2017.1.3/bin/cmake/share/cmake-3.7/Modules/CheckFunctionExists.c
Linking C executable cmTC_33de4
/home/mostafa/Downloads/clion-2017.1.3/bin/cmake/bin/cmake -E cmake_link_script CMakeFiles/cmTC_33de4.dir/link.txt --verbose=1
/usr/bin/cc  -fPIC -DCHECK_FUNCTION_EXISTS=pthread_create    CMakeFiles/cmTC_33de4.dir/CheckFunctionExists.c.o  -o cmTC_33de4 -lpthreads 
/usr/bin/ld: cannot find -lpthreads
collect2: error: ld returned 1 exit status
CMakeFiles/cmTC_33de4.dir/build.make:97: recipe for target 'cmTC_33de4' failed
make[1]: *** [cmTC_33de4] Error 1
make[1]: Leaving directory '/home/mostafa/Desktop/github/HackCV/cmake-build-debug/CMakeFiles/CMakeTmp'
Makefile:126: recipe for target 'cmTC_33de4/fast' failed
make: *** [cmTC_33de4/fast] Error 2


